<?xml version="1.0" encoding="UTF-8"?>
<!-- Generated by org.testng.reporters.JUnitReportReporter -->
<testsuite hostname="DS-2111AA680738" name="com.ManchesterUnitedKingdom.TestClass.SignUpPageClass" tests="1" failures="0" timestamp="13 Jul 2018 17:21:36 GMT" time="13.467" errors="0">
  <testcase name="register" time="13.467" classname="com.ManchesterUnitedKingdom.TestClass.SignUpPageClass"/>
</testsuite> <!-- com.ManchesterUnitedKingdom.TestClass.SignUpPageClass -->
