<?xml version="1.0" encoding="UTF-8"?>
<!-- Generated by org.testng.reporters.JUnitReportReporter -->
<testsuite skipped="0" hostname="DS-2111AA680738" name="com.ManchesterUnitedKingdom.TestClass.All_Matches" tests="3" failures="0" timestamp="14 Jul 2018 15:25:51 GMT" time="73.200" errors="0">
  <testcase name="AllMatch" time="34.844" classname="com.ManchesterUnitedKingdom.TestClass.All_Matches"/>
  <testcase name="Login" time="13.734" classname="com.ManchesterUnitedKingdom.TestClass.All_Matches"/>
  <testcase name="AccountRegistration" time="24.622" classname="com.ManchesterUnitedKingdom.TestClass.All_Matches"/>
</testsuite> <!-- com.ManchesterUnitedKingdom.TestClass.All_Matches -->
