<?xml version="1.0" encoding="UTF-8"?>
<!-- Generated by org.testng.reporters.JUnitReportReporter -->
<testsuite skipped="1" hostname="DS-2111AA680738" name="com.ManchesterUnitedKingdom.TestClass.LoginAndForgetPasswordClass" tests="4" failures="0" timestamp="21 Jul 2018 15:05:18 GMT" time="173.323" errors="0">
  <testcase name="LogOUt" time="42.032" classname="com.ManchesterUnitedKingdom.TestClass.LoginAndForgetPasswordClass"/>
  <testcase name="LoginPageModuletest" time="17.564" classname="com.ManchesterUnitedKingdom.TestClass.LoginAndForgetPasswordClass"/>
  <testcase name="ForgetPassword" time="113.727" classname="com.ManchesterUnitedKingdom.TestClass.LoginAndForgetPasswordClass"/>
  <testcase name="frogetPassword" classname="com.ManchesterUnitedKingdom.TestClass.LoginAndForgetPasswordClass">
    <skipped/>
  </testcase> <!-- frogetPassword -->
</testsuite> <!-- com.ManchesterUnitedKingdom.TestClass.LoginAndForgetPasswordClass -->
