<?xml version="1.0" encoding="UTF-8"?>
<!-- Generated by org.testng.reporters.JUnitReportReporter -->
<testsuite skipped="0" hostname="DS-2111AA680738" name="com.ManchesterUnitedKingdom.TestClass.HelpPageClass" tests="5" failures="0" timestamp="11 Jul 2018 16:45:41 GMT" time="58.946" errors="0">
  <testcase name="Help" time="54.967" classname="com.ManchesterUnitedKingdom.TestClass.HelpPageClass"/>
  <testcase name="TitleOfPage_Verification" time="0.030" classname="com.ManchesterUnitedKingdom.TestClass.HelpPageClass"/>
  <testcase name="TitleOfTicketSales" time="2.208" classname="com.ManchesterUnitedKingdom.TestClass.HelpPageClass"/>
  <testcase name="Total_numberOfPhoneNumber" time="0.828" classname="com.ManchesterUnitedKingdom.TestClass.HelpPageClass"/>
  <testcase name="Total_numberOf_Title_OfPhoneNumber" time="0.913" classname="com.ManchesterUnitedKingdom.TestClass.HelpPageClass"/>
</testsuite> <!-- com.ManchesterUnitedKingdom.TestClass.HelpPageClass -->
