<?xml version="1.0" encoding="UTF-8"?>
<!-- Generated by org.testng.reporters.JUnitReportReporter -->
<testsuite hostname="DS-2111AA680738" name="com.RoughWorkTest.DataDriven" tests="2" failures="0" timestamp="13 Jul 2018 17:20:10 GMT" time="8.575" errors="0">
  <testcase name="Login" time="8.003" classname="com.RoughWorkTest.DataDriven"/>
  <testcase name="Login" time="0.572" classname="com.RoughWorkTest.DataDriven"/>
</testsuite> <!-- com.RoughWorkTest.DataDriven -->
