<?xml version="1.0" encoding="UTF-8"?>
<!-- Generated by org.testng.reporters.JUnitReportReporter -->
<testsuite skipped="0" hostname="DS-2111AA680738" name="com.ManchesterUnitedKingdom.TestClass.FixturesClass" tests="3" failures="0" timestamp="11 Jul 2018 16:45:41 GMT" time="112.287" errors="0">
  <testcase name="FixturePageLink" time="37.301" classname="com.ManchesterUnitedKingdom.TestClass.FixturesClass"/>
  <testcase name="CalenderForm" time="52.885" classname="com.ManchesterUnitedKingdom.TestClass.FixturesClass"/>
  <testcase name="Verification_Google_Calender_title" time="22.101" classname="com.ManchesterUnitedKingdom.TestClass.FixturesClass"/>
</testsuite> <!-- com.ManchesterUnitedKingdom.TestClass.FixturesClass -->
